<?xml version="1.0" encoding="UTF-8"?>
<!-- Generated by org.testng.reporters.JUnitXMLReporter -->
<testsuite ignored="0" hostname="CFDDLF713" failures="0" tests="3" name="Test" time="40.737" errors="0" timestamp="2022-11-15T12:19:17 IST">
  <testcase classname="com.intebanking.testCases.Tc_Delete_Account_Gtpl" name="DELETEAccount" time="9.215"/>
  <testcase classname="com.intebanking.testCases.Tc_Delete_Account_Gtpl" name="blankdelete" time="3.828"/>
  <testcase classname="com.intebanking.testCases.Tc_Delete_Account_Gtpl" name="testreset" time="6.656"/>
</testsuite> <!-- Test -->
