<?xml version="1.0" encoding="UTF-8"?>
<testng-results skipped="0" failed="0" ignored="0" total="1" passed="1">
  <reporter-output>
  </reporter-output>
  <suite name="Default suite" duration-ms="26102" started-at="2023-03-23T13:04:39Z" finished-at="2023-03-23T13:05:05Z">
    <groups>
    </groups>
    <test name="Default test" duration-ms="26102" started-at="2023-03-23T13:04:39Z" finished-at="2023-03-23T13:05:05Z">
      <class name="adithyahraidas.Appium.MobileBrowserTest">
        <test-method status="PASS" signature="startconfig()[pri:0, instance:adithyahraidas.Appium.MobileBrowserTest@5702b3b1]" name="startconfig" is-config="true" duration-ms="19887" started-at="2023-03-23T13:04:39Z" finished-at="2023-03-23T13:04:59Z">
          <reporter-output>
          </reporter-output>
        </test-method> <!-- startconfig -->
        <test-method status="PASS" signature="browsertest()[pri:0, instance:adithyahraidas.Appium.MobileBrowserTest@5702b3b1]" name="browsertest" duration-ms="4935" started-at="2023-03-23T13:04:59Z" finished-at="2023-03-23T13:05:04Z">
          <reporter-output>
          </reporter-output>
        </test-method> <!-- browsertest -->
        <test-method status="PASS" signature="teardown()[pri:0, instance:adithyahraidas.Appium.MobileBrowserTest@5702b3b1]" name="teardown" is-config="true" duration-ms="1227" started-at="2023-03-23T13:05:04Z" finished-at="2023-03-23T13:05:05Z">
          <reporter-output>
          </reporter-output>
        </test-method> <!-- teardown -->
      </class> <!-- adithyahraidas.Appium.MobileBrowserTest -->
    </test> <!-- Default test -->
  </suite> <!-- Default suite -->
</testng-results>
