<?xml version="1.0" encoding="UTF-8"?>
<!-- Generated by org.testng.reporters.JUnitXMLReporter -->
<testsuite ignored="0" hostname="CFLNAVALUR4889" failures="0" tests="16" name="Test" time="23.663" errors="0" timestamp="2023-08-09T15:48:13 IST">
  <testcase classname="api.test.DataDrivenTest" name="testPostUser" time="4.781"/>
  <testcase classname="api.test.DataDrivenTest" name="testPostUser" time="0.843"/>
  <testcase classname="api.test.DataDrivenTest" name="testPostUser" time="0.75"/>
  <testcase classname="api.test.DataDrivenTest" name="testPostUser" time="0.807"/>
  <testcase classname="api.test.DataDrivenTest" name="testPostUser" time="0.579"/>
  <testcase classname="api.test.DataDrivenTest" name="testPostUser" time="0.501"/>
  <testcase classname="api.test.DataDrivenTest" name="testDeleteUserByName" time="0.812"/>
  <testcase classname="api.test.DataDrivenTest" name="testDeleteUserByName" time="0.568"/>
  <testcase classname="api.test.DataDrivenTest" name="testDeleteUserByName" time="0.613"/>
  <testcase classname="api.test.DataDrivenTest" name="testDeleteUserByName" time="1.586"/>
  <testcase classname="api.test.DataDrivenTest" name="testDeleteUserByName" time="0.492"/>
  <testcase classname="api.test.DataDrivenTest" name="testDeleteUserByName" time="1.527"/>
  <testcase classname="api.test.UserTests" name="testPostUser" time="1.06"/>
  <testcase classname="api.test.UserTests" name="testGetUserByName" time="0.491"/>
  <testcase classname="api.test.UserTests" name="testUpdateUserByName" time="1.33"/>
  <testcase classname="api.test.UserTests" name="testDeleteUserByName" time="0.52"/>
</testsuite> <!-- Test -->
